<?xml version="1.0" encoding="UTF-8"?>
<testng-results ignored="0" total="1" passed="1" failed="0" skipped="0">
  <reporter-output>
  </reporter-output>
  <suite started-at="2022-10-18T23:37:03 EDT" name="Default suite" finished-at="2022-10-18T23:37:14 EDT" duration-ms="10949">
    <groups>
    </groups>
    <test started-at="2022-10-18T23:37:03 EDT" name="Default test" finished-at="2022-10-18T23:37:14 EDT" duration-ms="10949">
      <class name="test.LoginTest">
        <test-method signature="validUserShouldBeAbleToLogin()[pri:0, instance:test.LoginTest@13b13b5d]" started-at="2022-10-18T23:37:03 EDT" name="validUserShouldBeAbleToLogin" finished-at="2022-10-18T23:37:14 EDT" duration-ms="10872" status="PASS">
          <reporter-output>
          </reporter-output>
        </test-method> <!-- validUserShouldBeAbleToLogin -->
      </class> <!-- test.LoginTest -->
    </test> <!-- Default test -->
  </suite> <!-- Default suite -->
</testng-results>
