<?xml version="1.0" encoding="UTF-8"?>
<testng-results ignored="0" total="1" passed="1" failed="0" skipped="0">
  <reporter-output>
  </reporter-output>
  <suite started-at="2023-03-05T12:20:34 EST" name="Default suite" finished-at="2023-03-05T12:20:42 EST" duration-ms="7157">
    <groups>
    </groups>
    <test started-at="2023-03-05T12:20:34 EST" name="Default test" finished-at="2023-03-05T12:20:42 EST" duration-ms="7157">
      <class name="test.LoginTest">
        <test-method signature="validUserShouldBeAbleToLogin()[pri:0, instance:test.LoginTest@794cb805]" started-at="2023-03-05T12:20:35 EST" name="validUserShouldBeAbleToLogin" finished-at="2023-03-05T12:20:42 EST" duration-ms="7090" status="PASS">
          <reporter-output>
          </reporter-output>
        </test-method> <!-- validUserShouldBeAbleToLogin -->
      </class> <!-- test.LoginTest -->
    </test> <!-- Default test -->
  </suite> <!-- Default suite -->
</testng-results>
